WARNING: A terminally deprecated method in sun.misc.Unsafe has been called
WARNING: sun.misc.Unsafe::staticFieldBase has been called by com.google.inject.internal.aop.HiddenClassDefiner (file:/C:/Users/rober/.m2/wrapper/dists/apache-maven-3.9.10/a38810a491b03367137adfdfbe7d14c4/lib/guice-5.1.0-classes.jar)
WARNING: Please consider reporting this to the maintainers of class com.google.inject.internal.aop.HiddenClassDefiner
WARNING: sun.misc.Unsafe::staticFieldBase will be removed in a future release
[INFO] Scanning for projects...
[INFO] 
[INFO] ---------------< com.worldbuilding:worldbuilding-app-v2 >---------------
[INFO] Building WorldbuildingAppV2 2.0.0-SNAPSHOT
[INFO]   from pom.xml
[INFO] --------------------------------[ jar ]---------------------------------
[INFO] 
[INFO] --- resources:3.3.1:resources (default-resources) @ worldbuilding-app-v2 ---
[INFO] Copying 8 resources from src\main\resources to target\classes
[INFO] 
[INFO] --- compiler:3.14.1:compile (default-compile) @ worldbuilding-app-v2 ---
[INFO] Nothing to compile - all classes are up to date.
[INFO] 
[INFO] --- resources:3.3.1:testResources (default-testResources) @ worldbuilding-app-v2 ---
[INFO] skip non existing resourceDirectory C:\Users\rober\Desktop\Proyectos propios\WorldbuildingApp\src\test\resources
[INFO] 
[INFO] --- compiler:3.14.1:testCompile (default-testCompile) @ worldbuilding-app-v2 ---
[INFO] Recompiling the module because of changed source code.
[INFO] Compiling 3 source files with javac [debug parameters release 24] to target\test-classes
[INFO] /C:/Users/rober/Desktop/Proyectos propios/WorldbuildingApp/src/test/java/com/worldbuilding/app/model/MapPersistenceTest.java: C:\Users\rober\Desktop\Proyectos propios\WorldbuildingApp\src\test\java\com\worldbuilding\app\model\MapPersistenceTest.java uses unchecked or unsafe operations.
[INFO] /C:/Users/rober/Desktop/Proyectos propios/WorldbuildingApp/src/test/java/com/worldbuilding/app/model/MapPersistenceTest.java: Recompile with -Xlint:unchecked for details.
[INFO] -------------------------------------------------------------
[ERROR] COMPILATION ERROR : 
[INFO] -------------------------------------------------------------
[ERROR] /C:/Users/rober/Desktop/Proyectos propios/WorldbuildingApp/src/test/java/com/worldbuilding/app/model/MapPersistenceTest.java:[10,59] package org.springframework.boot.test.autoconfigure.orm.jpa does not exist
[ERROR] /C:/Users/rober/Desktop/Proyectos propios/WorldbuildingApp/src/test/java/com/worldbuilding/app/model/MapPersistenceTest.java:[21,2] cannot find symbol
  symbol: class DataJpaTest
[INFO] 2 errors 
[INFO] -------------------------------------------------------------
[INFO] ------------------------------------------------------------------------
[INFO] BUILD FAILURE
[INFO] ------------------------------------------------------------------------
[INFO] Total time:  2.859 s
[INFO] Finished at: 2026-02-05T21:17:17+01:00
[INFO] ------------------------------------------------------------------------
[ERROR] Failed to execute goal org.apache.maven.plugins:maven-compiler-plugin:3.14.1:testCompile (default-testCompile) on project worldbuilding-app-v2: Compilation failure: Compilation failure: 
[ERROR] /C:/Users/rober/Desktop/Proyectos propios/WorldbuildingApp/src/test/java/com/worldbuilding/app/model/MapPersistenceTest.java:[10,59] package org.springframework.boot.test.autoconfigure.orm.jpa does not exist
[ERROR] /C:/Users/rober/Desktop/Proyectos propios/WorldbuildingApp/src/test/java/com/worldbuilding/app/model/MapPersistenceTest.java:[21,2] cannot find symbol
[ERROR]   symbol: class DataJpaTest
[ERROR] -> [Help 1]
[ERROR] 
[ERROR] To see the full stack trace of the errors, re-run Maven with the -e switch.
[ERROR] Re-run Maven using the -X switch to enable full debug logging.
[ERROR] 
[ERROR] For more information about the errors and possible solutions, please read the following articles:
[ERROR] [Help 1] http://cwiki.apache.org/confluence/display/MAVEN/MojoFailureException
